{"name": "test_checkout_button_disabled_when_cart_empty", "status": "failed", "statusDetails": {"message": "AssertionError: assert not True\n +  where True = is_enabled()\n +    where is_enabled = <selenium.webdriver.remote.webelement.WebElement (session=\"0af4cd5b879e635f4973f78acc81d6ec\", element=\"f.66F1E81D1613C50C32A280755E82684F.d.C22B0B5D5EC54FAB45D63B2FAF038AFD.e.19\")>.is_enabled", "trace": "def test_checkout_button_disabled_when_cart_empty():\n        driver = get_driver()\n    \n        # Step 1: Login\n        login_Page.open_login_page(driver)\n        login_Page.login(driver, \"standard_user\", \"secret_sauce\")\n    \n        # Step 1: Open the cart\n        checkout_Page.go_to_cart(driver)\n    \n        # Step 1: Checkout button should be disabled (No items in cart)\n        checkout_button = driver.find_element(*checkout_Page.CHECKOUT_BUTTON)\n    \n>       assert not checkout_button.is_enabled()\nE       assert not True\nE        +  where True = is_enabled()\nE        +    where is_enabled = <selenium.webdriver.remote.webelement.WebElement (session=\"0af4cd5b879e635f4973f78acc81d6ec\", element=\"f.66F1E81D1613C50C32A280755E82684F.d.C22B0B5D5EC54FAB45D63B2FAF038AFD.e.19\")>.is_enabled\n\nTests\\checkout_Test.py:40: AssertionError"}, "start": 1770042841458, "stop": 1770042846155, "uuid": "d71b2b33-b37f-4ccc-9cb7-00b91fe17772", "historyId": "d1f79d666786fa6d3c3ba68ad984cb78", "testCaseId": "d1f79d666786fa6d3c3ba68ad984cb78", "fullName": "Tests.checkout_Test#test_checkout_button_disabled_when_cart_empty", "labels": [{"name": "parentSuite", "value": "Tests"}, {"name": "suite", "value": "checkout_Test"}, {"name": "host", "value": "VW-KEMAD"}, {"name": "thread", "value": "25592-MainThread"}, {"name": "framework", "value": "pytest"}, {"name": "language", "value": "cpython3"}, {"name": "package", "value": "Tests.checkout_Test"}], "titlePath": ["Tests", "checkout_Test.py"]}